<?xml version="1.0" encoding="UTF-8"?>
<testng-results ignored="0" total="1" passed="1" failed="0" skipped="0">
  <reporter-output>
  </reporter-output>
  <suite started-at="2023-10-08T09:37:41 EDT" name="Default suite" finished-at="2023-10-08T09:37:45 EDT" duration-ms="3688">
    <groups>
    </groups>
    <test started-at="2023-10-08T09:37:41 EDT" name="Default test" finished-at="2023-10-08T09:37:45 EDT" duration-ms="3688">
      <class name="com.instagram.baseLoginTest.LoginTest">
        <test-method is-config="true" signature="openApp()[pri:0, instance:com.instagram.baseLoginTest.LoginTest@34123d65]" started-at="2023-10-08T09:37:41 EDT" name="openApp" finished-at="2023-10-08T09:37:45 EDT" duration-ms="3413" status="PASS">
          <reporter-output>
          </reporter-output>
        </test-method> <!-- openApp -->
        <test-method signature="validLoginTest()[pri:0, instance:com.instagram.baseLoginTest.LoginTest@34123d65]" started-at="2023-10-08T09:37:45 EDT" name="validLoginTest" finished-at="2023-10-08T09:37:45 EDT" duration-ms="178" status="PASS">
          <reporter-output>
          </reporter-output>
        </test-method> <!-- validLoginTest -->
        <test-method is-config="true" signature="closeApp()[pri:0, instance:com.instagram.baseLoginTest.LoginTest@34123d65]" started-at="2023-10-08T09:37:45 EDT" name="closeApp" finished-at="2023-10-08T09:37:45 EDT" duration-ms="79" status="PASS">
          <reporter-output>
          </reporter-output>
        </test-method> <!-- closeApp -->
      </class> <!-- com.instagram.baseLoginTest.LoginTest -->
    </test> <!-- Default test -->
  </suite> <!-- Default suite -->
</testng-results>
